Using pre-set license
Desktop is 3840 x 1080 @ 60 Hz

 COMMAND LINE ARGUMENTS:
Unity
-adb2
-batchMode
-noUpm
-name
AssetImportWorker0
-projectPath
/home/vanica/Projects/Unity/Projects/Realm Rush
-logFile
Logs/AssetImportWorker0.log
-srvPort
45065
Successfully changed project path to: /home/vanica/Projects/Unity/Projects/Realm Rush
/home/vanica/Projects/Unity/Projects/Realm Rush
Using Asset Import Pipeline V2.
Refreshing native plugins compatible for Editor in 25.71 ms, found 0 plugins.
Preloading 0 native plugins for Editor in 0.00 ms.
Initialize engine version: 2020.2.5f1 (e2c53f129de5)
[Subsystems] Discovering subsystems at path /home/vanica/Projects/Unity/Editor/2020.2.5f1/Editor/Data/Resources/UnitySubsystems
[Subsystems] Discovering subsystems at path /home/vanica/Projects/Unity/Projects/Realm Rush/Assets
No valid fbconfig found
GLX Extensions: GLX_EXT_visual_info GLX_EXT_visual_rating GLX_EXT_import_context GLX_SGIX_fbconfig GLX_SGIX_pbuffer GLX_SGI_video_sync GLX_SGI_swap_control GLX_EXT_swap_control GLX_EXT_swap_control_tear GLX_EXT_texture_from_pixmap GLX_EXT_buffer_age GLX_ARB_create_context GLX_ARB_create_context_profile GLX_EXT_create_context_es_profile GLX_EXT_create_context_es2_profile GLX_ARB_create_context_no_error GLX_ARB_create_context_robustness GLX_NV_delay_before_swap GLX_EXT_stereo_tree GLX_ARB_context_flush_control GLX_NV_robustness_video_memory_purge GLX_NV_multigpu_context GLX_ARB_multisample GLX_NV_float_buffer GLX_ARB_fbconfig_float GLX_EXT_framebuffer_sRGB GLX_NV_copy_image GLX_ARB_get_proc_address 
No valid fbconfig found
GLX Extensions: GLX_EXT_visual_info GLX_EXT_visual_rating GLX_EXT_import_context GLX_SGIX_fbconfig GLX_SGIX_pbuffer GLX_SGI_video_sync GLX_SGI_swap_control GLX_EXT_swap_control GLX_EXT_swap_control_tear GLX_EXT_texture_from_pixmap GLX_EXT_buffer_age GLX_ARB_create_context GLX_ARB_create_context_profile GLX_EXT_create_context_es_profile GLX_EXT_create_context_es2_profile GLX_ARB_create_context_no_error GLX_ARB_create_context_robustness GLX_NV_delay_before_swap GLX_EXT_stereo_tree GLX_ARB_context_flush_control GLX_NV_robustness_video_memory_purge GLX_NV_multigpu_context GLX_ARB_multisample GLX_NV_float_buffer GLX_ARB_fbconfig_float GLX_EXT_framebuffer_sRGB GLX_NV_copy_image GLX_ARB_get_proc_address 
GfxDevice: creating device client; threaded=0
[vulkan] LoadVulkanLibrary libvulkan.so.1[vulkan] Loaded instance function vkGetInstanceProcAddr
[vulkan] Loaded instance function vkGetInstanceProcAddr
[vulkan] Loaded instance function vkCreateInstance
[vulkan] Loaded instance function vkEnumerateInstanceExtensionProperties
[vulkan] Loaded instance function vkEnumerateInstanceLayerProperties
[vulkan] Loaded instance function vkEnumerateInstanceVersion
[Vulkan init] extensions: count=18
[Vulkan init] extensions: name=VK_KHR_device_group_creation, enabled=0
[Vulkan init] extensions: name=VK_KHR_external_fence_capabilities, enabled=0
[Vulkan init] extensions: name=VK_KHR_external_memory_capabilities, enabled=0
[Vulkan init] extensions: name=VK_KHR_external_semaphore_capabilities, enabled=0
[Vulkan init] extensions: name=VK_KHR_get_display_properties2, enabled=0
[Vulkan init] extensions: name=VK_KHR_get_physical_device_properties2, enabled=1
[Vulkan init] extensions: name=VK_KHR_get_surface_capabilities2, enabled=0
[Vulkan init] extensions: name=VK_KHR_surface, enabled=1
[Vulkan init] extensions: name=VK_KHR_surface_protected_capabilities, enabled=0
[Vulkan init] extensions: name=VK_KHR_wayland_surface, enabled=0
[Vulkan init] extensions: name=VK_KHR_xcb_surface, enabled=0
[Vulkan init] extensions: name=VK_KHR_xlib_surface, enabled=1
[Vulkan init] extensions: name=VK_KHR_display, enabled=1
[Vulkan init] extensions: name=VK_EXT_direct_mode_display, enabled=0
[Vulkan init] extensions: name=VK_EXT_acquire_xlib_display, enabled=0
[Vulkan init] extensions: name=VK_EXT_display_surface_counter, enabled=0
[Vulkan init] extensions: name=VK_EXT_debug_report, enabled=1
[Vulkan init] extensions: name=VK_EXT_debug_utils, enabled=0
[vulkan] Loaded instance function vkDestroyInstance
[vulkan] Loaded instance function vkGetPhysicalDeviceProperties
[vulkan] Loaded instance function vkEnumeratePhysicalDevices
MESA-INTEL: warning: Performance support disabled, consider sysctl dev.i915.perf_stream_paranoid=0

Vulkan detection: 2
[Vulkan init] extensions: count=18
[Vulkan init] extensions: name=VK_KHR_device_group_creation, enabled=0
[Vulkan init] extensions: name=VK_KHR_external_fence_capabilities, enabled=0
[Vulkan init] extensions: name=VK_KHR_external_memory_capabilities, enabled=0
[Vulkan init] extensions: name=VK_KHR_external_semaphore_capabilities, enabled=0
[Vulkan init] extensions: name=VK_KHR_get_display_properties2, enabled=0
[Vulkan init] extensions: name=VK_KHR_get_physical_device_properties2, enabled=1
[Vulkan init] extensions: name=VK_KHR_get_surface_capabilities2, enabled=0
[Vulkan init] extensions: name=VK_KHR_surface, enabled=1
[Vulkan init] extensions: name=VK_KHR_surface_protected_capabilities, enabled=0
[Vulkan init] extensions: name=VK_KHR_wayland_surface, enabled=0
[Vulkan init] extensions: name=VK_KHR_xcb_surface, enabled=0
[Vulkan init] extensions: name=VK_KHR_xlib_surface, enabled=1
[Vulkan init] extensions: name=VK_KHR_display, enabled=1
[Vulkan init] extensions: name=VK_EXT_direct_mode_display, enabled=0
[Vulkan init] extensions: name=VK_EXT_acquire_xlib_display, enabled=0
[Vulkan init] extensions: name=VK_EXT_display_surface_counter, enabled=0
[Vulkan init] extensions: name=VK_EXT_debug_report, enabled=1
[Vulkan init] extensions: name=VK_EXT_debug_utils, enabled=0
[vulkan] Loaded instance function vkDestroyInstance
[vulkan] Loaded instance function vkGetPhysicalDeviceProperties
[vulkan] Loaded instance function vkEnumeratePhysicalDevices
[vulkan] Loaded instance function vkGetDeviceProcAddr
[vulkan] Loaded instance function vkGetPhysicalDeviceFeatures
[vulkan] Loaded instance function vkGetPhysicalDeviceFormatProperties
[vulkan] Loaded instance function vkGetPhysicalDeviceImageFormatProperties
[vulkan] Loaded instance function vkGetPhysicalDeviceQueueFamilyProperties
[vulkan] Loaded instance function vkGetPhysicalDeviceMemoryProperties
[vulkan] Loaded instance function vkCreateDevice
[vulkan] Loaded instance function vkEnumerateDeviceExtensionProperties
[vulkan] Loaded instance function vkEnumerateDeviceLayerProperties
[vulkan] Loaded instance function vkGetPhysicalDeviceSparseImageFormatProperties
[vulkan] Loaded instance function vkDestroySurfaceKHR
[vulkan] Loaded instance function vkGetPhysicalDeviceSurfaceSupportKHR
[vulkan] Loaded instance function vkGetPhysicalDeviceSurfaceCapabilitiesKHR
[vulkan] Loaded instance function vkGetPhysicalDeviceSurfaceFormatsKHR
[vulkan] Loaded instance function vkGetPhysicalDeviceSurfacePresentModesKHR
[vulkan] Loaded instance function vkCreateSwapchainKHR
[vulkan] Loaded instance function vkDestroySwapchainKHR
[vulkan] Loaded instance function vkGetSwapchainImagesKHR
[vulkan] Loaded instance function vkAcquireNextImageKHR
[vulkan] Loaded instance function vkQueuePresentKHR
[vulkan] Loaded instance function vkGetPhysicalDeviceDisplayPropertiesKHR
[vulkan] Loaded instance function vkGetPhysicalDeviceDisplayPlanePropertiesKHR
[vulkan] Loaded instance function vkGetDisplayPlaneSupportedDisplaysKHR
[vulkan] Loaded instance function vkGetDisplayModePropertiesKHR
[vulkan] Loaded instance function vkCreateDisplayModeKHR
[vulkan] Loaded instance function vkGetDisplayPlaneCapabilitiesKHR
[vulkan] Loaded instance function vkCreateDisplayPlaneSurfaceKHR
[vulkan] Loaded instance function vkCreateSharedSwapchainsKHR
[vulkan] Loaded instance function vkCreateXlibSurfaceKHR
[vulkan] Loaded instance function vkGetPhysicalDeviceXlibPresentationSupportKHR
[vulkan] Loaded instance function vkSetHdrMetadataEXT
[vulkan] Loaded instance function vkGetPhysicalDeviceFeatures2KHR
[vulkan] Loaded instance function vkGetPhysicalDeviceProperties2KHR
[vulkan] Loaded instance function vkGetPhysicalDeviceFormatProperties2KHR
[vulkan] Loaded instance function vkGetPhysicalDeviceImageFormatProperties2KHR
[vulkan] Loaded instance function vkGetPhysicalDeviceQueueFamilyProperties2KHR
[vulkan] Loaded instance function vkGetPhysicalDeviceMemoryProperties2KHR
[vulkan] Loaded instance function vkGetPhysicalDeviceSparseImageFormatProperties2KHR
[Vulkan init] SelectPhysicalDevice requestedDeviceIndex=-1 xrDevice=(nil)
MESA-INTEL: warning: Performance support disabled, consider sysctl dev.i915.perf_stream_paranoid=0

[Vulkan init] Physical Device 0x562bab3275e0 [0]: "GeForce GTX 1650" deviceType=2 vendorID=10de deviceID=1f99
[Vulkan init] Physical Device 0x562bab140870 [1]: "Intel(R) UHD Graphics (CML GT2)" deviceType=1 vendorID=8086 deviceID=9bc4
[Vulkan init] Selected physical device 0x562bab3275e0
[Vulkan init] Graphics queue count=1
[Vulkan init] extensions: count=121
[Vulkan init] extensions: name=VK_KHR_16bit_storage, enabled=0
[Vulkan init] extensions: name=VK_KHR_8bit_storage, enabled=0
[Vulkan init] extensions: name=VK_KHR_bind_memory2, enabled=0
[Vulkan init] extensions: name=VK_KHR_buffer_device_address, enabled=0
[Vulkan init] extensions: name=VK_KHR_copy_commands2, enabled=0
[Vulkan init] extensions: name=VK_KHR_create_renderpass2, enabled=1
[Vulkan init] extensions: name=VK_KHR_dedicated_allocation, enabled=1
[Vulkan init] extensions: name=VK_KHR_depth_stencil_resolve, enabled=1
[Vulkan init] extensions: name=VK_KHR_descriptor_update_template, enabled=1
[Vulkan init] extensions: name=VK_KHR_device_group, enabled=0
[Vulkan init] extensions: name=VK_KHR_draw_indirect_count, enabled=0
[Vulkan init] extensions: name=VK_KHR_driver_properties, enabled=0
[Vulkan init] extensions: name=VK_KHR_external_fence, enabled=0
[Vulkan init] extensions: name=VK_KHR_external_fence_fd, enabled=0
[Vulkan init] extensions: name=VK_KHR_external_memory, enabled=0
[Vulkan init] extensions: name=VK_KHR_external_memory_fd, enabled=0
[Vulkan init] extensions: name=VK_KHR_external_semaphore, enabled=0
[Vulkan init] extensions: name=VK_KHR_external_semaphore_fd, enabled=0
[Vulkan init] extensions: name=VK_KHR_fragment_shading_rate, enabled=0
[Vulkan init] extensions: name=VK_KHR_get_memory_requirements2, enabled=1
[Vulkan init] extensions: name=VK_KHR_image_format_list, enabled=1
[Vulkan init] extensions: name=VK_KHR_imageless_framebuffer, enabled=0
[Vulkan init] extensions: name=VK_KHR_maintenance1, enabled=1
[Vulkan init] extensions: name=VK_KHR_maintenance2, enabled=1
[Vulkan init] extensions: name=VK_KHR_maintenance3, enabled=0
[Vulkan init] extensions: name=VK_KHR_multiview, enabled=1
[Vulkan init] extensions: name=VK_KHR_pipeline_executable_properties, enabled=0
[Vulkan init] extensions: name=VK_KHR_push_descriptor, enabled=0
[Vulkan init] extensions: name=VK_KHR_relaxed_block_layout, enabled=0
[Vulkan init] extensions: name=VK_KHR_sampler_mirror_clamp_to_edge, enabled=1
[Vulkan init] extensions: name=VK_KHR_sampler_ycbcr_conversion, enabled=0
[Vulkan init] extensions: name=VK_KHR_separate_depth_stencil_layouts, enabled=0
[Vulkan init] extensions: name=VK_KHR_shader_atomic_int64, enabled=0
[Vulkan init] extensions: name=VK_KHR_shader_clock, enabled=0
[Vulkan init] extensions: name=VK_KHR_shader_draw_parameters, enabled=0
[Vulkan init] extensions: name=VK_KHR_shader_float16_int8, enabled=0
[Vulkan init] extensions: name=VK_KHR_shader_float_controls, enabled=0
[Vulkan init] extensions: name=VK_KHR_shader_non_semantic_info, enabled=0
[Vulkan init] extensions: name=VK_KHR_shader_subgroup_extended_types, enabled=0
[Vulkan init] extensions: name=VK_KHR_shader_terminate_invocation, enabled=0
[Vulkan init] extensions: name=VK_KHR_spirv_1_4, enabled=0
[Vulkan init] extensions: name=VK_KHR_storage_buffer_storage_class, enabled=0
[Vulkan init] extensions: name=VK_KHR_swapchain, enabled=1
[Vulkan init] extensions: name=VK_KHR_swapchain_mutable_format, enabled=0
[Vulkan init] extensions: name=VK_KHR_timeline_semaphore, enabled=0
[Vulkan init] extensions: name=VK_KHR_uniform_buffer_standard_layout, enabled=0
[Vulkan init] extensions: name=VK_KHR_variable_pointers, enabled=0
[Vulkan init] extensions: name=VK_KHR_vulkan_memory_model, enabled=0
[Vulkan init] extensions: name=VK_EXT_4444_formats, enabled=0
[Vulkan init] extensions: name=VK_EXT_blend_operation_advanced, enabled=0
[Vulkan init] extensions: name=VK_EXT_buffer_device_address, enabled=0
[Vulkan init] extensions: name=VK_EXT_calibrated_timestamps, enabled=0
[Vulkan init] extensions: name=VK_EXT_conditional_rendering, enabled=0
[Vulkan init] extensions: name=VK_EXT_conservative_rasterization, enabled=1
[Vulkan init] extensions: name=VK_EXT_custom_border_color, enabled=0
[Vulkan init] extensions: name=VK_EXT_depth_clip_enable, enabled=0
[Vulkan init] extensions: name=VK_EXT_depth_range_unrestricted, enabled=0
[Vulkan init] extensions: name=VK_EXT_descriptor_indexing, enabled=0
[Vulkan init] extensions: name=VK_EXT_discard_rectangles, enabled=0
[Vulkan init] extensions: name=VK_EXT_display_control, enabled=0
[Vulkan init] extensions: name=VK_EXT_extended_dynamic_state, enabled=0
[Vulkan init] extensions: name=VK_EXT_external_memory_host, enabled=0
[Vulkan init] extensions: name=VK_EXT_fragment_shader_interlock, enabled=0
[Vulkan init] extensions: name=VK_EXT_global_priority, enabled=0
[Vulkan init] extensions: name=VK_EXT_host_query_reset, enabled=0
[Vulkan init] extensions: name=VK_EXT_image_robustness, enabled=0
[Vulkan init] extensions: name=VK_EXT_index_type_uint8, enabled=0
[Vulkan init] extensions: name=VK_EXT_inline_uniform_block, enabled=0
[Vulkan init] extensions: name=VK_EXT_line_rasterization, enabled=0
[Vulkan init] extensions: name=VK_EXT_memory_budget, enabled=0
[Vulkan init] extensions: name=VK_EXT_pci_bus_info, enabled=0
[Vulkan init] extensions: name=VK_EXT_pipeline_creation_cache_control, enabled=0
[Vulkan init] extensions: name=VK_EXT_pipeline_creation_feedback, enabled=0
[Vulkan init] extensions: name=VK_EXT_post_depth_coverage, enabled=0
[Vulkan init] extensions: name=VK_EXT_private_data, enabled=0
[Vulkan init] extensions: name=VK_EXT_robustness2, enabled=0
[Vulkan init] extensions: name=VK_EXT_sample_locations, enabled=0
[Vulkan init] extensions: name=VK_EXT_sampler_filter_minmax, enabled=0
[Vulkan init] extensions: name=VK_EXT_scalar_block_layout, enabled=0
[Vulkan init] extensions: name=VK_EXT_separate_stencil_usage, enabled=0
[Vulkan init] extensions: name=VK_EXT_shader_atomic_float, enabled=0
[Vulkan init] extensions: name=VK_EXT_shader_demote_to_helper_invocation, enabled=0
[Vulkan init] extensions: name=VK_EXT_shader_image_atomic_int64, enabled=0
[Vulkan init] extensions: name=VK_EXT_shader_subgroup_ballot, enabled=0
[Vulkan init] extensions: name=VK_EXT_shader_subgroup_vote, enabled=0
[Vulkan init] extensions: name=VK_EXT_shader_viewport_index_layer, enabled=1
[Vulkan init] extensions: name=VK_EXT_subgroup_size_control, enabled=0
[Vulkan init] extensions: name=VK_EXT_texel_buffer_alignment, enabled=0
[Vulkan init] extensions: name=VK_EXT_tooling_info, enabled=0
[Vulkan init] extensions: name=VK_EXT_transform_feedback, enabled=0
[Vulkan init] extensions: name=VK_EXT_vertex_attribute_divisor, enabled=0
[Vulkan init] extensions: name=VK_EXT_ycbcr_image_arrays, enabled=0
[Vulkan init] extensions: name=VK_NV_clip_space_w_scaling, enabled=0
[Vulkan init] extensions: name=VK_NV_compute_shader_derivatives, enabled=0
[Vulkan init] extensions: name=VK_NV_corner_sampled_image, enabled=0
[Vulkan init] extensions: name=VK_NV_coverage_reduction_mode, enabled=0
[Vulkan init] extensions: name=VK_NV_cuda_kernel_launch, enabled=0
[Vulkan init] extensions: name=VK_NV_dedicated_allocation, enabled=0
[Vulkan init] extensions: name=VK_NV_dedicated_allocation_image_aliasing, enabled=0
[Vulkan init] extensions: name=VK_NV_device_diagnostic_checkpoints, enabled=0
[Vulkan init] extensions: name=VK_NV_device_diagnostics_config, enabled=0
[Vulkan init] extensions: name=VK_NV_device_generated_commands, enabled=0
[Vulkan init] extensions: name=VK_NV_fill_rectangle, enabled=0
[Vulkan init] extensions: name=VK_NV_fragment_coverage_to_color, enabled=0
[Vulkan init] extensions: name=VK_NV_fragment_shader_barycentric, enabled=0
[Vulkan init] extensions: name=VK_NV_fragment_shading_rate_enums, enabled=0
[Vulkan init] extensions: name=VK_NV_framebuffer_mixed_samples, enabled=0
[Vulkan init] extensions: name=VK_NV_geometry_shader_passthrough, enabled=0
[Vulkan init] extensions: name=VK_NV_mesh_shader, enabled=0
[Vulkan init] extensions: name=VK_NV_representative_fragment_test, enabled=0
[Vulkan init] extensions: name=VK_NV_sample_mask_override_coverage, enabled=0
[Vulkan init] extensions: name=VK_NV_scissor_exclusive, enabled=0
[Vulkan init] extensions: name=VK_NV_shader_image_footprint, enabled=0
[Vulkan init] extensions: name=VK_NV_shader_sm_builtins, enabled=0
[Vulkan init] extensions: name=VK_NV_shader_subgroup_partitioned, enabled=0
[Vulkan init] extensions: name=VK_NV_shading_rate_image, enabled=0
[Vulkan init] extensions: name=VK_NV_viewport_array2, enabled=0
[Vulkan init] extensions: name=VK_NV_viewport_swizzle, enabled=0
[Vulkan init] extensions: name=VK_NVX_binary_import, enabled=0
[Vulkan init] extensions: name=VK_NVX_image_view_handle, enabled=0
[Vulkan init] extensions: name=VK_NVX_multiview_per_view_attributes, enabled=0
[vulkan] Loaded device function vkDestroyDevice
[vulkan] Loaded device function vkGetDeviceQueue
[vulkan] Loaded device function vkQueueSubmit
[vulkan] Loaded device function vkQueueWaitIdle
[vulkan] Loaded device function vkDeviceWaitIdle
[vulkan] Loaded device function vkAllocateMemory
[vulkan] Loaded device function vkFreeMemory
[vulkan] Loaded device function vkMapMemory
[vulkan] Loaded device function vkUnmapMemory
[vulkan] Loaded device function vkFlushMappedMemoryRanges
[vulkan] Loaded device function vkInvalidateMappedMemoryRanges
[vulkan] Loaded device function vkGetDeviceMemoryCommitment
[vulkan] Loaded device function vkBindBufferMemory
[vulkan] Loaded device function vkBindImageMemory
[vulkan] Loaded device function vkGetBufferMemoryRequirements
[vulkan] Loaded device function vkGetImageMemoryRequirements
[vulkan] Loaded device function vkGetImageSparseMemoryRequirements
[vulkan] Loaded device function vkQueueBindSparse
[vulkan] Loaded device function vkCreateFence
[vulkan] Loaded device function vkDestroyFence
[vulkan] Loaded device function vkResetFences
[vulkan] Loaded device function vkGetFenceStatus
[vulkan] Loaded device function vkWaitForFences
[vulkan] Loaded device function vkCreateSemaphore
[vulkan] Loaded device function vkDestroySemaphore
[vulkan] Loaded device function vkCreateEvent
[vulkan] Loaded device function vkDestroyEvent
[vulkan] Loaded device function vkGetEventStatus
[vulkan] Loaded device function vkSetEvent
[vulkan] Loaded device function vkResetEvent
[vulkan] Loaded device function vkCreateQueryPool
[vulkan] Loaded device function vkDestroyQueryPool
[vulkan] Loaded device function vkGetQueryPoolResults
[vulkan] Loaded device function vkCreateBuffer
[vulkan] Loaded device function vkDestroyBuffer
[vulkan] Loaded device function vkCreateBufferView
[vulkan] Loaded device function vkDestroyBufferView
[vulkan] Loaded device function vkCreateImage
[vulkan] Loaded device function vkDestroyImage
[vulkan] Loaded device function vkGetImageSubresourceLayout
[vulkan] Loaded device function vkCreateImageView
[vulkan] Loaded device function vkDestroyImageView
[vulkan] Loaded device function vkCreateShaderModule
[vulkan] Loaded device function vkDestroyShaderModule
[vulkan] Loaded device function vkCreatePipelineCache
[vulkan] Loaded device function vkDestroyPipelineCache
[vulkan] Loaded device function vkGetPipelineCacheData
[vulkan] Loaded device function vkMergePipelineCaches
[vulkan] Loaded device function vkCreateGraphicsPipelines
[vulkan] Loaded device function vkCreateComputePipelines
[vulkan] Loaded device function vkDestroyPipeline
[vulkan] Loaded device function vkCreatePipelineLayout
[vulkan] Loaded device function vkDestroyPipelineLayout
[vulkan] Loaded device function vkCreateSampler
[vulkan] Loaded device function vkDestroySampler
[vulkan] Loaded device function vkCreateDescriptorSetLayout
[vulkan] Loaded device function vkDestroyDescriptorSetLayout
[vulkan] Loaded device function vkCreateDescriptorPool
[vulkan] Loaded device function vkDestroyDescriptorPool
[vulkan] Loaded device function vkResetDescriptorPool
[vulkan] Loaded device function vkAllocateDescriptorSets
[vulkan] Loaded device function vkFreeDescriptorSets
[vulkan] Loaded device function vkUpdateDescriptorSets
[vulkan] Loaded device function vkCreateFramebuffer
[vulkan] Loaded device function vkDestroyFramebuffer
[vulkan] Loaded device function vkCreateRenderPass
[vulkan] Loaded device function vkDestroyRenderPass
[vulkan] Loaded device function vkGetRenderAreaGranularity
[vulkan] Loaded device function vkCreateCommandPool
[vulkan] Loaded device function vkDestroyCommandPool
[vulkan] Loaded device function vkResetCommandPool
[vulkan] Loaded device function vkAllocateCommandBuffers
[vulkan] Loaded device function vkFreeCommandBuffers
[vulkan] Loaded device function vkBeginCommandBuffer
[vulkan] Loaded device function vkEndCommandBuffer
[vulkan] Loaded device function vkResetCommandBuffer
[vulkan] Loaded device function vkCmdBindPipeline
[vulkan] Loaded device function vkCmdSetViewport
[vulkan] Loaded device function vkCmdSetScissor
[vulkan] Loaded device function vkCmdSetLineWidth
[vulkan] Loaded device function vkCmdSetDepthBias
[vulkan] Loaded device function vkCmdSetBlendConstants
[vulkan] Loaded device function vkCmdSetDepthBounds
[vulkan] Loaded device function vkCmdSetStencilCompareMask
[vulkan] Loaded device function vkCmdSetStencilWriteMask
[vulkan] Loaded device function vkCmdSetStencilReference
[vulkan] Loaded device function vkCmdBindDescriptorSets
[vulkan] Loaded device function vkCmdBindIndexBuffer
[vulkan] Loaded device function vkCmdBindVertexBuffers
[vulkan] Loaded device function vkCmdDraw
[vulkan] Loaded device function vkCmdDrawIndexed
[vulkan] Loaded device function vkCmdDrawIndirect
[vulkan] Loaded device function vkCmdDrawIndexedIndirect
[vulkan] Loaded device function vkCmdDispatch
[vulkan] Loaded device function vkCmdDispatchIndirect
[vulkan] Loaded device function vkCmdCopyBuffer
[vulkan] Loaded device function vkCmdCopyImage
[vulkan] Loaded device function vkCmdBlitImage
[vulkan] Loaded device function vkCmdCopyBufferToImage
[vulkan] Loaded device function vkCmdCopyImageToBuffer
[vulkan] Loaded device function vkCmdUpdateBuffer
[vulkan] Loaded device function vkCmdFillBuffer
[vulkan] Loaded device function vkCmdClearColorImage
[vulkan] Loaded device function vkCmdClearDepthStencilImage
[vulkan] Loaded device function vkCmdClearAttachments
[vulkan] Loaded device function vkCmdResolveImage
[vulkan] Loaded device function vkCmdSetEvent
[vulkan] Loaded device function vkCmdResetEvent
[vulkan] Loaded device function vkCmdWaitEvents
[vulkan] Loaded device function vkCmdPipelineBarrier
[vulkan] Loaded device function vkCmdBeginQuery
[vulkan] Loaded device function vkCmdEndQuery
[vulkan] Loaded device function vkCmdResetQueryPool
[vulkan] Loaded device function vkCmdWriteTimestamp
[vulkan] Loaded device function vkCmdCopyQueryPoolResults
[vulkan] Loaded device function vkCmdPushConstants
[vulkan] Loaded device function vkCmdBeginRenderPass
[vulkan] Loaded device function vkCmdNextSubpass
[vulkan] Loaded device function vkCmdEndRenderPass
[vulkan] Loaded device function vkCmdExecuteCommands
[vulkan] Loaded device function vkGetImageMemoryRequirements2KHR
[vulkan] Loaded device function vkGetBufferMemoryRequirements2KHR
[vulkan] Loaded device function vkGetImageSparseMemoryRequirements2KHR
[vulkan] Loaded device function vkCreateDescriptorUpdateTemplateKHR
[vulkan] Loaded device function vkDestroyDescriptorUpdateTemplateKHR
[vulkan] Loaded device function vkUpdateDescriptorSetWithTemplateKHR
[vulkan] Loaded device function vkCmdBeginRenderPass2KHR
[vulkan] Loaded device function vkCmdEndRenderPass2KHR
[vulkan] Loaded device function vkCmdNextSubpass2KHR
[vulkan] Loaded device function vkCreateRenderPass2KHR
[vulkan] Failed to load device function vkDebugMarkerSetObjectTagEXT
[vulkan] Loaded instance function vkDebugMarkerSetObjectTagEXT
[vulkan] Failed to load device function vkDebugMarkerSetObjectNameEXT
[vulkan] Loaded instance function vkDebugMarkerSetObjectNameEXT
[vulkan] Failed to load device function vkCmdDebugMarkerBeginEXT
[vulkan] Loaded instance function vkCmdDebugMarkerBeginEXT
[vulkan] Failed to load device function vkCmdDebugMarkerEndEXT
[vulkan] Loaded instance function vkCmdDebugMarkerEndEXT
[vulkan] Failed to load device function vkCmdDebugMarkerInsertEXT
[vulkan] Loaded instance function vkCmdDebugMarkerInsertEXT
Vulkan API version 1.1.0 (1.2.155 supported by driver, 1.1.0 requested)
Vulkan vendor=[NVIDIA] id=[10de]
Vulkan renderer=[GeForce GTX 1650] id=[1f99]
Vulkan device type 2
Vulkan driverversion=[0x7309c000] uint=[1930018816]
Vulkan PSO: cache data not found [path=/tmp/DefaultCompany/Realm Rush/vulkan_pso_cache.bin]
Initialize mono
Mono path[0] = '/home/vanica/Projects/Unity/Editor/2020.2.5f1/Editor/Data/Managed'
Mono path[1] = '/home/vanica/Projects/Unity/Editor/2020.2.5f1/Editor/Data/MonoBleedingEdge/lib/mono/unityjit'
Mono config path = '/home/vanica/Projects/Unity/Editor/2020.2.5f1/Editor/Data/MonoBleedingEdge/etc'
Using monoOptions --debugger-agent=transport=dt_socket,embedding=1,server=y,suspend=n,address=127.0.0.1:56151
Begin MonoManager ReloadAssembly
Registering precompiled unity dll's ...
Register platform support module: /home/vanica/Projects/Unity/Editor/2020.2.5f1/Editor/Data/PlaybackEngines/WebGLSupport/UnityEditor.WebGL.Extensions.dll
Register platform support module: /home/vanica/Projects/Unity/Editor/2020.2.5f1/Editor/Data/PlaybackEngines/WindowsStandaloneSupport/UnityEditor.WindowsStandalone.Extensions.dll
Register platform support module: /home/vanica/Projects/Unity/Editor/2020.2.5f1/Editor/Data/PlaybackEngines/LinuxStandaloneSupport/UnityEditor.LinuxStandalone.Extensions.dll
Registered in 0.001122 seconds.
Native extension for LinuxStandalone target not found
Native extension for WindowsStandalone target not found
Native extension for WebGL target not found
Refreshing native plugins compatible for Editor in 22.10 ms, found 0 plugins.
Preloading 0 native plugins for Editor in 0.00 ms.
Invoked RoslynAnalysisRunner static constructor.
RoslynAnalysisRunner will not be running.
RoslynAnalysisRunner has terminated.
Mono: successfully reloaded assembly
- Completed reload, in  0.954 seconds
Platform modules already initialized, skipping
Registering precompiled user dll's ...
Registered in 0.000321 seconds.
Begin MonoManager ReloadAssembly
Native extension for LinuxStandalone target not found
Native extension for WindowsStandalone target not found
Native extension for WebGL target not found
Refreshing native plugins compatible for Editor in 0.24 ms, found 0 plugins.
Preloading 0 native plugins for Editor in 0.00 ms.
Invoked RoslynAnalysisRunner static constructor.
RoslynAnalysisRunner will not be running.
RoslynAnalysisRunner has terminated.
Mono: successfully reloaded assembly
- Completed reload, in  0.684 seconds
Platform modules already initialized, skipping
========================================================================
Worker process is ready to serve import requests
Launched and connected shader compiler UnityShaderCompiler after 0.01 seconds
Refreshing native plugins compatible for Editor in 0.73 ms, found 0 plugins.
Preloading 0 native plugins for Editor in 0.00 ms.
Unloading 1122 Unused Serialized files (Serialized files now loaded: 0)
System memory in use before: 66.4 MB.
System memory in use after: 66.4 MB.

Unloading 10 unused Assets to reduce memory usage. Loaded Objects now: 1564.
Total: 1.859239 ms (FindLiveObjects: 0.121882 ms CreateObjectMapping: 0.037099 ms MarkObjects: 1.602705 ms  DeleteObjects: 0.096835 ms)

========================================================================
Received Import Request.
  path: ProjectSettings/TagManager.asset
  artifactKey: Guid(00000000000000003000000000000000) Importer(815301076,1909f56bfc062723c751e8b465ee728b)
Start importing ProjectSettings/TagManager.asset using Guid(00000000000000003000000000000000) Importer(815301076,1909f56bfc062723c751e8b465ee728b)  -> (artifact id: 'fc5c7960eb4383985c2daab0b35c3452') in 0.009360 seconds
  Import took 0.012699 seconds .

========================================================================
Received Import Request.
  Time since last request: 129.724667 seconds.
  path: Assets/Enemy/EnemyMover.cs
  artifactKey: Guid(13ec8a690a59c1cf08f8ed2c8013d89f) Importer(815301076,1909f56bfc062723c751e8b465ee728b)
Start importing Assets/Enemy/EnemyMover.cs using Guid(13ec8a690a59c1cf08f8ed2c8013d89f) Importer(815301076,1909f56bfc062723c751e8b465ee728b)  -> (artifact id: 'd36661f6cfb62d4acf9c64088a8d58ce') in 0.000471 seconds
  Import took 0.002362 seconds .

========================================================================
Received Import Request.
  Time since last request: 0.001213 seconds.
  path: Assets/Enemy/EnemyMover.cs
  artifactKey: Guid(13ec8a690a59c1cf08f8ed2c8013d89f) Importer(815301076,1909f56bfc062723c751e8b465ee728b)
Start importing Assets/Enemy/EnemyMover.cs using Guid(13ec8a690a59c1cf08f8ed2c8013d89f) Importer(815301076,1909f56bfc062723c751e8b465ee728b)  -> (artifact id: 'd36661f6cfb62d4acf9c64088a8d58ce') in 0.000413 seconds
  Import took 0.001746 seconds .

========================================================================
Received Prepare
Registering precompiled user dll's ...
Registered in 0.000371 seconds.
Begin MonoManager ReloadAssembly
Native extension for LinuxStandalone target not found
Native extension for WindowsStandalone target not found
Native extension for WebGL target not found
Refreshing native plugins compatible for Editor in 0.18 ms, found 0 plugins.
Preloading 0 native plugins for Editor in 0.00 ms.
Invoked RoslynAnalysisRunner static constructor.
RoslynAnalysisRunner will not be running.
RoslynAnalysisRunner has terminated.
Mono: successfully reloaded assembly
- Completed reload, in  0.669 seconds
Platform modules already initialized, skipping
Refreshing native plugins compatible for Editor in 0.19 ms, found 0 plugins.
Preloading 0 native plugins for Editor in 0.00 ms.
Unloading 1104 Unused Serialized files (Serialized files now loaded: 0)
System memory in use before: 65.5 MB.
System memory in use after: 65.6 MB.

Unloading 6 unused Assets to reduce memory usage. Loaded Objects now: 1566.
Total: 3.215996 ms (FindLiveObjects: 0.143457 ms CreateObjectMapping: 0.044800 ms MarkObjects: 2.896384 ms  DeleteObjects: 0.130276 ms)

========================================================================
Received Prepare
Registering precompiled user dll's ...
Registered in 0.000440 seconds.
Begin MonoManager ReloadAssembly
Native extension for LinuxStandalone target not found
Native extension for WindowsStandalone target not found
Native extension for WebGL target not found
Refreshing native plugins compatible for Editor in 0.27 ms, found 0 plugins.
Preloading 0 native plugins for Editor in 0.00 ms.
Invoked RoslynAnalysisRunner static constructor.
RoslynAnalysisRunner will not be running.
RoslynAnalysisRunner has terminated.
Mono: successfully reloaded assembly
- Completed reload, in  0.647 seconds
Platform modules already initialized, skipping
Refreshing native plugins compatible for Editor in 0.20 ms, found 0 plugins.
Preloading 0 native plugins for Editor in 0.00 ms.
Unloading 1104 Unused Serialized files (Serialized files now loaded: 0)
System memory in use before: 65.6 MB.
System memory in use after: 65.6 MB.

Unloading 5 unused Assets to reduce memory usage. Loaded Objects now: 1568.
Total: 1.677025 ms (FindLiveObjects: 0.115293 ms CreateObjectMapping: 0.030685 ms MarkObjects: 1.478416 ms  DeleteObjects: 0.051828 ms)

========================================================================
Received Prepare
Registering precompiled user dll's ...
Registered in 0.000329 seconds.
Begin MonoManager ReloadAssembly
Native extension for LinuxStandalone target not found
Native extension for WindowsStandalone target not found
Native extension for WebGL target not found
Refreshing native plugins compatible for Editor in 0.18 ms, found 0 plugins.
Preloading 0 native plugins for Editor in 0.00 ms.
Invoked RoslynAnalysisRunner static constructor.
RoslynAnalysisRunner will not be running.
RoslynAnalysisRunner has terminated.
Mono: successfully reloaded assembly
- Completed reload, in  0.658 seconds
Platform modules already initialized, skipping
Refreshing native plugins compatible for Editor in 0.20 ms, found 0 plugins.
Preloading 0 native plugins for Editor in 0.00 ms.
Unloading 1104 Unused Serialized files (Serialized files now loaded: 0)
System memory in use before: 65.6 MB.
System memory in use after: 65.7 MB.

Unloading 5 unused Assets to reduce memory usage. Loaded Objects now: 1570.
Total: 1.663103 ms (FindLiveObjects: 0.108406 ms CreateObjectMapping: 0.028760 ms MarkObjects: 1.485500 ms  DeleteObjects: 0.039462 ms)

========================================================================
Received Prepare
Registering precompiled user dll's ...
Registered in 0.000334 seconds.
Begin MonoManager ReloadAssembly
Native extension for LinuxStandalone target not found
Native extension for WindowsStandalone target not found
Native extension for WebGL target not found
Refreshing native plugins compatible for Editor in 0.21 ms, found 0 plugins.
Preloading 0 native plugins for Editor in 0.00 ms.
Invoked RoslynAnalysisRunner static constructor.
RoslynAnalysisRunner will not be running.
RoslynAnalysisRunner has terminated.
Mono: successfully reloaded assembly
- Completed reload, in  0.616 seconds
Platform modules already initialized, skipping
Refreshing native plugins compatible for Editor in 0.18 ms, found 0 plugins.
Preloading 0 native plugins for Editor in 0.00 ms.
Unloading 1104 Unused Serialized files (Serialized files now loaded: 0)
System memory in use before: 65.6 MB.
System memory in use after: 65.7 MB.

Unloading 5 unused Assets to reduce memory usage. Loaded Objects now: 1572.
Total: 2.879144 ms (FindLiveObjects: 0.276389 ms CreateObjectMapping: 0.050694 ms MarkObjects: 2.494367 ms  DeleteObjects: 0.055412 ms)

========================================================================
Received Prepare
Registering precompiled user dll's ...
Registered in 0.000289 seconds.
Begin MonoManager ReloadAssembly
Native extension for LinuxStandalone target not found
Native extension for WindowsStandalone target not found
Native extension for WebGL target not found
Refreshing native plugins compatible for Editor in 0.20 ms, found 0 plugins.
Preloading 0 native plugins for Editor in 0.00 ms.
Invoked RoslynAnalysisRunner static constructor.
RoslynAnalysisRunner will not be running.
RoslynAnalysisRunner has terminated.
Mono: successfully reloaded assembly
- Completed reload, in  0.569 seconds
Platform modules already initialized, skipping
Refreshing native plugins compatible for Editor in 0.18 ms, found 0 plugins.
Preloading 0 native plugins for Editor in 0.00 ms.
Unloading 1104 Unused Serialized files (Serialized files now loaded: 0)
System memory in use before: 65.6 MB.
System memory in use after: 65.7 MB.

Unloading 5 unused Assets to reduce memory usage. Loaded Objects now: 1574.
Total: 2.937617 ms (FindLiveObjects: 0.417736 ms CreateObjectMapping: 0.056765 ms MarkObjects: 2.408474 ms  DeleteObjects: 0.052897 ms)

========================================================================
Received Prepare
Registering precompiled user dll's ...
Registered in 0.000396 seconds.
Begin MonoManager ReloadAssembly
Native extension for LinuxStandalone target not found
Native extension for WindowsStandalone target not found
Native extension for WebGL target not found
Refreshing native plugins compatible for Editor in 0.21 ms, found 0 plugins.
Preloading 0 native plugins for Editor in 0.00 ms.
Invoked RoslynAnalysisRunner static constructor.
RoslynAnalysisRunner will not be running.
RoslynAnalysisRunner has terminated.
Mono: successfully reloaded assembly
- Completed reload, in  0.656 seconds
Platform modules already initialized, skipping
Refreshing native plugins compatible for Editor in 0.19 ms, found 0 plugins.
Preloading 0 native plugins for Editor in 0.00 ms.
Unloading 1104 Unused Serialized files (Serialized files now loaded: 0)
System memory in use before: 65.6 MB.
System memory in use after: 65.7 MB.

Unloading 5 unused Assets to reduce memory usage. Loaded Objects now: 1576.
Total: 4.029157 ms (FindLiveObjects: 0.307537 ms CreateObjectMapping: 0.052496 ms MarkObjects: 3.602473 ms  DeleteObjects: 0.065353 ms)

========================================================================
Received Prepare
Registering precompiled user dll's ...
Registered in 0.000293 seconds.
Begin MonoManager ReloadAssembly
Native extension for LinuxStandalone target not found
Native extension for WindowsStandalone target not found
Native extension for WebGL target not found
Refreshing native plugins compatible for Editor in 0.18 ms, found 0 plugins.
Preloading 0 native plugins for Editor in 0.00 ms.
Invoked RoslynAnalysisRunner static constructor.
RoslynAnalysisRunner will not be running.
RoslynAnalysisRunner has terminated.
Mono: successfully reloaded assembly
- Completed reload, in  0.659 seconds
Platform modules already initialized, skipping
Refreshing native plugins compatible for Editor in 0.20 ms, found 0 plugins.
Preloading 0 native plugins for Editor in 0.00 ms.
Unloading 1105 Unused Serialized files (Serialized files now loaded: 0)
System memory in use before: 65.6 MB.
System memory in use after: 65.7 MB.

Unloading 5 unused Assets to reduce memory usage. Loaded Objects now: 1579.
Total: 2.652516 ms (FindLiveObjects: 0.421500 ms CreateObjectMapping: 0.120395 ms MarkObjects: 2.060098 ms  DeleteObjects: 0.048760 ms)

========================================================================
Received Prepare
Registering precompiled user dll's ...
Registered in 0.000241 seconds.
Begin MonoManager ReloadAssembly
Native extension for LinuxStandalone target not found
Native extension for WindowsStandalone target not found
Native extension for WebGL target not found
Refreshing native plugins compatible for Editor in 0.17 ms, found 0 plugins.
Preloading 0 native plugins for Editor in 0.00 ms.
Invoked RoslynAnalysisRunner static constructor.
RoslynAnalysisRunner will not be running.
RoslynAnalysisRunner has terminated.
Mono: successfully reloaded assembly
- Completed reload, in  0.562 seconds
Platform modules already initialized, skipping
Refreshing native plugins compatible for Editor in 0.14 ms, found 0 plugins.
Preloading 0 native plugins for Editor in 0.00 ms.
Unloading 1105 Unused Serialized files (Serialized files now loaded: 0)
System memory in use before: 65.6 MB.
System memory in use after: 65.7 MB.

Unloading 5 unused Assets to reduce memory usage. Loaded Objects now: 1581.
Total: 2.451372 ms (FindLiveObjects: 0.282796 ms CreateObjectMapping: 0.040769 ms MarkObjects: 2.074808 ms  DeleteObjects: 0.052025 ms)

========================================================================
Received Prepare
Registering precompiled user dll's ...
Registered in 0.000302 seconds.
Begin MonoManager ReloadAssembly
Native extension for LinuxStandalone target not found
Native extension for WindowsStandalone target not found
Native extension for WebGL target not found
Refreshing native plugins compatible for Editor in 0.18 ms, found 0 plugins.
Preloading 0 native plugins for Editor in 0.00 ms.
Invoked RoslynAnalysisRunner static constructor.
RoslynAnalysisRunner will not be running.
RoslynAnalysisRunner has terminated.
Mono: successfully reloaded assembly
- Completed reload, in  0.561 seconds
Platform modules already initialized, skipping
Refreshing native plugins compatible for Editor in 0.41 ms, found 0 plugins.
Preloading 0 native plugins for Editor in 0.00 ms.
Unloading 1105 Unused Serialized files (Serialized files now loaded: 0)
System memory in use before: 65.6 MB.
System memory in use after: 65.7 MB.

Unloading 5 unused Assets to reduce memory usage. Loaded Objects now: 1583.
Total: 1.849666 ms (FindLiveObjects: 0.123736 ms CreateObjectMapping: 0.033365 ms MarkObjects: 1.646797 ms  DeleteObjects: 0.044616 ms)

========================================================================
Received Prepare
Registering precompiled user dll's ...
Registered in 0.000375 seconds.
Begin MonoManager ReloadAssembly
Native extension for LinuxStandalone target not found
Native extension for WindowsStandalone target not found
Native extension for WebGL target not found
Refreshing native plugins compatible for Editor in 0.17 ms, found 0 plugins.
Preloading 0 native plugins for Editor in 0.00 ms.
Invoked RoslynAnalysisRunner static constructor.
RoslynAnalysisRunner will not be running.
RoslynAnalysisRunner has terminated.
Mono: successfully reloaded assembly
- Completed reload, in  0.544 seconds
Platform modules already initialized, skipping
Refreshing native plugins compatible for Editor in 0.13 ms, found 0 plugins.
Preloading 0 native plugins for Editor in 0.00 ms.
Unloading 1105 Unused Serialized files (Serialized files now loaded: 0)
System memory in use before: 65.6 MB.
System memory in use after: 65.7 MB.

Unloading 5 unused Assets to reduce memory usage. Loaded Objects now: 1585.
Total: 2.248059 ms (FindLiveObjects: 0.156641 ms CreateObjectMapping: 0.028297 ms MarkObjects: 2.019255 ms  DeleteObjects: 0.042918 ms)

========================================================================
Received Prepare
Registering precompiled user dll's ...
Registered in 0.000268 seconds.
Begin MonoManager ReloadAssembly
Native extension for LinuxStandalone target not found
Native extension for WindowsStandalone target not found
Native extension for WebGL target not found
Refreshing native plugins compatible for Editor in 0.22 ms, found 0 plugins.
Preloading 0 native plugins for Editor in 0.00 ms.
Invoked RoslynAnalysisRunner static constructor.
RoslynAnalysisRunner will not be running.
RoslynAnalysisRunner has terminated.
Mono: successfully reloaded assembly
- Completed reload, in  0.580 seconds
Platform modules already initialized, skipping
Refreshing native plugins compatible for Editor in 0.17 ms, found 0 plugins.
Preloading 0 native plugins for Editor in 0.00 ms.
Unloading 1105 Unused Serialized files (Serialized files now loaded: 0)
System memory in use before: 65.6 MB.
System memory in use after: 65.7 MB.

Unloading 5 unused Assets to reduce memory usage. Loaded Objects now: 1587.
Total: 4.402360 ms (FindLiveObjects: 0.295830 ms CreateObjectMapping: 0.086243 ms MarkObjects: 3.931156 ms  DeleteObjects: 0.086189 ms)

========================================================================
Received Prepare
Registering precompiled user dll's ...
Registered in 0.000961 seconds.
Begin MonoManager ReloadAssembly
Native extension for LinuxStandalone target not found
Native extension for WindowsStandalone target not found
Native extension for WebGL target not found
Refreshing native plugins compatible for Editor in 0.24 ms, found 0 plugins.
Preloading 0 native plugins for Editor in 0.00 ms.
Invoked RoslynAnalysisRunner static constructor.
RoslynAnalysisRunner will not be running.
RoslynAnalysisRunner has terminated.
Mono: successfully reloaded assembly
- Completed reload, in  0.665 seconds
Platform modules already initialized, skipping
Refreshing native plugins compatible for Editor in 0.37 ms, found 0 plugins.
Preloading 0 native plugins for Editor in 0.00 ms.
Unloading 1105 Unused Serialized files (Serialized files now loaded: 0)
System memory in use before: 65.6 MB.
System memory in use after: 65.7 MB.

Unloading 5 unused Assets to reduce memory usage. Loaded Objects now: 1589.
Total: 6.290065 ms (FindLiveObjects: 0.284186 ms CreateObjectMapping: 0.088134 ms MarkObjects: 5.754256 ms  DeleteObjects: 0.159715 ms)

========================================================================
Received Prepare
Registering precompiled user dll's ...
Registered in 0.000253 seconds.
Begin MonoManager ReloadAssembly
Native extension for LinuxStandalone target not found
Native extension for WindowsStandalone target not found
Native extension for WebGL target not found
Refreshing native plugins compatible for Editor in 0.22 ms, found 0 plugins.
Preloading 0 native plugins for Editor in 0.00 ms.
Invoked RoslynAnalysisRunner static constructor.
RoslynAnalysisRunner will not be running.
RoslynAnalysisRunner has terminated.
Mono: successfully reloaded assembly
- Completed reload, in  0.581 seconds
Platform modules already initialized, skipping
Refreshing native plugins compatible for Editor in 0.15 ms, found 0 plugins.
Preloading 0 native plugins for Editor in 0.00 ms.
Unloading 1105 Unused Serialized files (Serialized files now loaded: 0)
System memory in use before: 65.6 MB.
System memory in use after: 65.7 MB.

Unloading 5 unused Assets to reduce memory usage. Loaded Objects now: 1591.
Total: 3.808426 ms (FindLiveObjects: 0.226541 ms CreateObjectMapping: 0.064109 ms MarkObjects: 3.433455 ms  DeleteObjects: 0.081938 ms)

========================================================================
Received Prepare
Registering precompiled user dll's ...
Registered in 0.000384 seconds.
Begin MonoManager ReloadAssembly
Native extension for LinuxStandalone target not found
Native extension for WindowsStandalone target not found
Native extension for WebGL target not found
Refreshing native plugins compatible for Editor in 0.23 ms, found 0 plugins.
Preloading 0 native plugins for Editor in 0.00 ms.
Invoked RoslynAnalysisRunner static constructor.
RoslynAnalysisRunner will not be running.
RoslynAnalysisRunner has terminated.
Mono: successfully reloaded assembly
- Completed reload, in  0.637 seconds
Platform modules already initialized, skipping
Refreshing native plugins compatible for Editor in 0.18 ms, found 0 plugins.
Preloading 0 native plugins for Editor in 0.00 ms.
Unloading 1105 Unused Serialized files (Serialized files now loaded: 0)
System memory in use before: 65.6 MB.
System memory in use after: 65.7 MB.

Unloading 5 unused Assets to reduce memory usage. Loaded Objects now: 1593.
Total: 4.379734 ms (FindLiveObjects: 0.232242 ms CreateObjectMapping: 0.068262 ms MarkObjects: 3.962361 ms  DeleteObjects: 0.114007 ms)

========================================================================
Received Prepare
Registering precompiled user dll's ...
Registered in 0.000906 seconds.
Begin MonoManager ReloadAssembly
Native extension for LinuxStandalone target not found
Native extension for WindowsStandalone target not found
Native extension for WebGL target not found
Refreshing native plugins compatible for Editor in 0.18 ms, found 0 plugins.
Preloading 0 native plugins for Editor in 0.00 ms.
Invoked RoslynAnalysisRunner static constructor.
RoslynAnalysisRunner will not be running.
RoslynAnalysisRunner has terminated.
Mono: successfully reloaded assembly
- Completed reload, in  0.682 seconds
Platform modules already initialized, skipping
Refreshing native plugins compatible for Editor in 0.18 ms, found 0 plugins.
Preloading 0 native plugins for Editor in 0.00 ms.
Unloading 1105 Unused Serialized files (Serialized files now loaded: 0)
System memory in use before: 65.6 MB.
System memory in use after: 65.7 MB.

Unloading 5 unused Assets to reduce memory usage. Loaded Objects now: 1595.
Total: 2.624023 ms (FindLiveObjects: 0.314211 ms CreateObjectMapping: 0.110217 ms MarkObjects: 2.134290 ms  DeleteObjects: 0.063920 ms)

========================================================================
Received Prepare
Registering precompiled user dll's ...
Registered in 0.000345 seconds.
Begin MonoManager ReloadAssembly
Native extension for LinuxStandalone target not found
Native extension for WindowsStandalone target not found
Native extension for WebGL target not found
Refreshing native plugins compatible for Editor in 0.18 ms, found 0 plugins.
Preloading 0 native plugins for Editor in 0.00 ms.
Invoked RoslynAnalysisRunner static constructor.
RoslynAnalysisRunner will not be running.
RoslynAnalysisRunner has terminated.
Mono: successfully reloaded assembly
- Completed reload, in  0.737 seconds
Platform modules already initialized, skipping
Refreshing native plugins compatible for Editor in 0.24 ms, found 0 plugins.
Preloading 0 native plugins for Editor in 0.00 ms.
Unloading 1105 Unused Serialized files (Serialized files now loaded: 0)
System memory in use before: 65.6 MB.
System memory in use after: 65.7 MB.

Unloading 5 unused Assets to reduce memory usage. Loaded Objects now: 1597.
Total: 1.799689 ms (FindLiveObjects: 0.111047 ms CreateObjectMapping: 0.028047 ms MarkObjects: 1.619154 ms  DeleteObjects: 0.040541 ms)

========================================================================
Received Prepare
Registering precompiled user dll's ...
Registered in 0.001042 seconds.
Begin MonoManager ReloadAssembly
Native extension for LinuxStandalone target not found
Native extension for WindowsStandalone target not found
Native extension for WebGL target not found
Refreshing native plugins compatible for Editor in 0.18 ms, found 0 plugins.
Preloading 0 native plugins for Editor in 0.00 ms.
Invoked RoslynAnalysisRunner static constructor.
RoslynAnalysisRunner will not be running.
RoslynAnalysisRunner has terminated.
Mono: successfully reloaded assembly
- Completed reload, in  0.640 seconds
Platform modules already initialized, skipping
Refreshing native plugins compatible for Editor in 0.18 ms, found 0 plugins.
Preloading 0 native plugins for Editor in 0.00 ms.
Unloading 1105 Unused Serialized files (Serialized files now loaded: 0)
System memory in use before: 65.7 MB.
System memory in use after: 65.7 MB.

Unloading 5 unused Assets to reduce memory usage. Loaded Objects now: 1599.
Total: 2.312953 ms (FindLiveObjects: 0.202496 ms CreateObjectMapping: 0.045076 ms MarkObjects: 1.991064 ms  DeleteObjects: 0.073402 ms)

========================================================================
Received Prepare
Registering precompiled user dll's ...
Registered in 0.000331 seconds.
Begin MonoManager ReloadAssembly
Native extension for LinuxStandalone target not found
Native extension for WindowsStandalone target not found
Native extension for WebGL target not found
Refreshing native plugins compatible for Editor in 0.23 ms, found 0 plugins.
Preloading 0 native plugins for Editor in 0.00 ms.
Invoked RoslynAnalysisRunner static constructor.
RoslynAnalysisRunner will not be running.
RoslynAnalysisRunner has terminated.
Mono: successfully reloaded assembly
- Completed reload, in  0.634 seconds
Platform modules already initialized, skipping
Refreshing native plugins compatible for Editor in 0.19 ms, found 0 plugins.
Preloading 0 native plugins for Editor in 0.00 ms.
Unloading 1105 Unused Serialized files (Serialized files now loaded: 0)
System memory in use before: 65.7 MB.
System memory in use after: 65.7 MB.

Unloading 5 unused Assets to reduce memory usage. Loaded Objects now: 1601.
Total: 2.074820 ms (FindLiveObjects: 0.129259 ms CreateObjectMapping: 0.028811 ms MarkObjects: 1.865330 ms  DeleteObjects: 0.049568 ms)

========================================================================
Received Prepare
Registering precompiled user dll's ...
Registered in 0.000336 seconds.
Begin MonoManager ReloadAssembly
Native extension for LinuxStandalone target not found
Native extension for WindowsStandalone target not found
Native extension for WebGL target not found
Refreshing native plugins compatible for Editor in 0.19 ms, found 0 plugins.
Preloading 0 native plugins for Editor in 0.00 ms.
Invoked RoslynAnalysisRunner static constructor.
RoslynAnalysisRunner will not be running.
RoslynAnalysisRunner has terminated.
Mono: successfully reloaded assembly
- Completed reload, in  0.642 seconds
Platform modules already initialized, skipping
Refreshing native plugins compatible for Editor in 0.31 ms, found 0 plugins.
Preloading 0 native plugins for Editor in 0.00 ms.
Unloading 1105 Unused Serialized files (Serialized files now loaded: 0)
System memory in use before: 65.7 MB.
System memory in use after: 65.8 MB.

Unloading 5 unused Assets to reduce memory usage. Loaded Objects now: 1603.
Total: 2.299129 ms (FindLiveObjects: 0.270754 ms CreateObjectMapping: 0.071129 ms MarkObjects: 1.907477 ms  DeleteObjects: 0.048299 ms)

========================================================================
Received Prepare
Registering precompiled user dll's ...
Registered in 0.000344 seconds.
Begin MonoManager ReloadAssembly
Native extension for LinuxStandalone target not found
Native extension for WindowsStandalone target not found
Native extension for WebGL target not found
Refreshing native plugins compatible for Editor in 0.28 ms, found 0 plugins.
Preloading 0 native plugins for Editor in 0.00 ms.
Invoked RoslynAnalysisRunner static constructor.
RoslynAnalysisRunner will not be running.
RoslynAnalysisRunner has terminated.
Mono: successfully reloaded assembly
- Completed reload, in  0.652 seconds
Platform modules already initialized, skipping
Refreshing native plugins compatible for Editor in 0.18 ms, found 0 plugins.
Preloading 0 native plugins for Editor in 0.00 ms.
Unloading 1105 Unused Serialized files (Serialized files now loaded: 0)
System memory in use before: 65.7 MB.
System memory in use after: 65.8 MB.

Unloading 5 unused Assets to reduce memory usage. Loaded Objects now: 1605.
Total: 1.961194 ms (FindLiveObjects: 0.114672 ms CreateObjectMapping: 0.027696 ms MarkObjects: 1.776482 ms  DeleteObjects: 0.041189 ms)

========================================================================
Received Prepare
Registering precompiled user dll's ...
Registered in 0.000412 seconds.
Begin MonoManager ReloadAssembly
Native extension for LinuxStandalone target not found
Native extension for WindowsStandalone target not found
Native extension for WebGL target not found
Refreshing native plugins compatible for Editor in 0.34 ms, found 0 plugins.
Preloading 0 native plugins for Editor in 0.00 ms.
Invoked RoslynAnalysisRunner static constructor.
RoslynAnalysisRunner will not be running.
RoslynAnalysisRunner has terminated.
Mono: successfully reloaded assembly
- Completed reload, in  0.646 seconds
Platform modules already initialized, skipping
Refreshing native plugins compatible for Editor in 0.18 ms, found 0 plugins.
Preloading 0 native plugins for Editor in 0.00 ms.
Unloading 1105 Unused Serialized files (Serialized files now loaded: 0)
System memory in use before: 65.7 MB.
System memory in use after: 65.8 MB.

Unloading 5 unused Assets to reduce memory usage. Loaded Objects now: 1607.
Total: 2.029912 ms (FindLiveObjects: 0.127824 ms CreateObjectMapping: 0.029002 ms MarkObjects: 1.818276 ms  DeleteObjects: 0.053054 ms)

========================================================================
Received Prepare
Registering precompiled user dll's ...
Registered in 0.000432 seconds.
Begin MonoManager ReloadAssembly
Native extension for LinuxStandalone target not found
Native extension for WindowsStandalone target not found
Native extension for WebGL target not found
Refreshing native plugins compatible for Editor in 0.22 ms, found 0 plugins.
Preloading 0 native plugins for Editor in 0.00 ms.
Invoked RoslynAnalysisRunner static constructor.
RoslynAnalysisRunner will not be running.
RoslynAnalysisRunner has terminated.
Mono: successfully reloaded assembly
- Completed reload, in  0.658 seconds
Platform modules already initialized, skipping
Refreshing native plugins compatible for Editor in 0.23 ms, found 0 plugins.
Preloading 0 native plugins for Editor in 0.00 ms.
Unloading 1105 Unused Serialized files (Serialized files now loaded: 0)
System memory in use before: 65.7 MB.
System memory in use after: 65.8 MB.

Unloading 5 unused Assets to reduce memory usage. Loaded Objects now: 1609.
Total: 2.285449 ms (FindLiveObjects: 0.199171 ms CreateObjectMapping: 0.067382 ms MarkObjects: 1.948563 ms  DeleteObjects: 0.069109 ms)

========================================================================
Received Prepare
Registering precompiled user dll's ...
Registered in 0.000338 seconds.
Begin MonoManager ReloadAssembly
Native extension for LinuxStandalone target not found
Native extension for WindowsStandalone target not found
Native extension for WebGL target not found
Refreshing native plugins compatible for Editor in 0.22 ms, found 0 plugins.
Preloading 0 native plugins for Editor in 0.00 ms.
Invoked RoslynAnalysisRunner static constructor.
RoslynAnalysisRunner will not be running.
RoslynAnalysisRunner has terminated.
Mono: successfully reloaded assembly
- Completed reload, in  0.659 seconds
Platform modules already initialized, skipping
Refreshing native plugins compatible for Editor in 0.17 ms, found 0 plugins.
Preloading 0 native plugins for Editor in 0.00 ms.
Unloading 1105 Unused Serialized files (Serialized files now loaded: 0)
System memory in use before: 65.7 MB.
System memory in use after: 65.8 MB.

Unloading 5 unused Assets to reduce memory usage. Loaded Objects now: 1611.
Total: 1.940066 ms (FindLiveObjects: 0.160511 ms CreateObjectMapping: 0.035294 ms MarkObjects: 1.689433 ms  DeleteObjects: 0.054033 ms)

========================================================================
Received Prepare
Registering precompiled user dll's ...
Registered in 0.000234 seconds.
Begin MonoManager ReloadAssembly
Native extension for LinuxStandalone target not found
Native extension for WindowsStandalone target not found
Native extension for WebGL target not found
Refreshing native plugins compatible for Editor in 0.18 ms, found 0 plugins.
Preloading 0 native plugins for Editor in 0.00 ms.
Invoked RoslynAnalysisRunner static constructor.
RoslynAnalysisRunner will not be running.
RoslynAnalysisRunner has terminated.
Mono: successfully reloaded assembly
- Completed reload, in  0.594 seconds
Platform modules already initialized, skipping
Refreshing native plugins compatible for Editor in 0.16 ms, found 0 plugins.
Preloading 0 native plugins for Editor in 0.00 ms.
Unloading 1105 Unused Serialized files (Serialized files now loaded: 0)
System memory in use before: 65.7 MB.
System memory in use after: 65.8 MB.

Unloading 5 unused Assets to reduce memory usage. Loaded Objects now: 1613.
Total: 2.636299 ms (FindLiveObjects: 0.182204 ms CreateObjectMapping: 0.041569 ms MarkObjects: 2.338420 ms  DeleteObjects: 0.072909 ms)

========================================================================
Received Prepare
Registering precompiled user dll's ...
Registered in 0.000262 seconds.
Begin MonoManager ReloadAssembly
Native extension for LinuxStandalone target not found
Native extension for WindowsStandalone target not found
Native extension for WebGL target not found
Refreshing native plugins compatible for Editor in 0.19 ms, found 0 plugins.
Preloading 0 native plugins for Editor in 0.00 ms.
Invoked RoslynAnalysisRunner static constructor.
RoslynAnalysisRunner will not be running.
RoslynAnalysisRunner has terminated.
Mono: successfully reloaded assembly
- Completed reload, in  0.600 seconds
Platform modules already initialized, skipping
Refreshing native plugins compatible for Editor in 0.17 ms, found 0 plugins.
Preloading 0 native plugins for Editor in 0.00 ms.
Unloading 1105 Unused Serialized files (Serialized files now loaded: 0)
System memory in use before: 65.7 MB.
System memory in use after: 65.8 MB.

Unloading 5 unused Assets to reduce memory usage. Loaded Objects now: 1615.
Total: 1.971240 ms (FindLiveObjects: 0.153956 ms CreateObjectMapping: 0.054118 ms MarkObjects: 1.716835 ms  DeleteObjects: 0.044904 ms)

========================================================================
Received Prepare
Registering precompiled user dll's ...
Registered in 0.000306 seconds.
Begin MonoManager ReloadAssembly
Native extension for LinuxStandalone target not found
Native extension for WindowsStandalone target not found
Native extension for WebGL target not found
Refreshing native plugins compatible for Editor in 0.18 ms, found 0 plugins.
Preloading 0 native plugins for Editor in 0.00 ms.
Invoked RoslynAnalysisRunner static constructor.
RoslynAnalysisRunner will not be running.
RoslynAnalysisRunner has terminated.
Mono: successfully reloaded assembly
- Completed reload, in  0.594 seconds
Platform modules already initialized, skipping
Refreshing native plugins compatible for Editor in 0.15 ms, found 0 plugins.
Preloading 0 native plugins for Editor in 0.00 ms.
Unloading 1105 Unused Serialized files (Serialized files now loaded: 0)
System memory in use before: 65.7 MB.
System memory in use after: 65.8 MB.

Unloading 5 unused Assets to reduce memory usage. Loaded Objects now: 1617.
Total: 3.675662 ms (FindLiveObjects: 0.223910 ms CreateObjectMapping: 0.067155 ms MarkObjects: 3.311316 ms  DeleteObjects: 0.071090 ms)

========================================================================
Received Prepare
Registering precompiled user dll's ...
Registered in 0.000263 seconds.
Begin MonoManager ReloadAssembly
Native extension for LinuxStandalone target not found
Native extension for WindowsStandalone target not found
Native extension for WebGL target not found
Refreshing native plugins compatible for Editor in 0.17 ms, found 0 plugins.
Preloading 0 native plugins for Editor in 0.00 ms.
Invoked RoslynAnalysisRunner static constructor.
RoslynAnalysisRunner will not be running.
RoslynAnalysisRunner has terminated.
Mono: successfully reloaded assembly
- Completed reload, in  0.575 seconds
Platform modules already initialized, skipping
Refreshing native plugins compatible for Editor in 0.18 ms, found 0 plugins.
Preloading 0 native plugins for Editor in 0.00 ms.
Unloading 1105 Unused Serialized files (Serialized files now loaded: 0)
System memory in use before: 65.7 MB.
System memory in use after: 65.8 MB.

Unloading 5 unused Assets to reduce memory usage. Loaded Objects now: 1619.
Total: 1.731077 ms (FindLiveObjects: 0.117156 ms CreateObjectMapping: 0.024197 ms MarkObjects: 1.550322 ms  DeleteObjects: 0.038482 ms)

========================================================================
Received Prepare
Registering precompiled user dll's ...
Registered in 0.000254 seconds.
Begin MonoManager ReloadAssembly
Native extension for LinuxStandalone target not found
Native extension for WindowsStandalone target not found
Native extension for WebGL target not found
Refreshing native plugins compatible for Editor in 0.18 ms, found 0 plugins.
Preloading 0 native plugins for Editor in 0.00 ms.
Invoked RoslynAnalysisRunner static constructor.
RoslynAnalysisRunner will not be running.
RoslynAnalysisRunner has terminated.
Mono: successfully reloaded assembly
- Completed reload, in  0.579 seconds
Platform modules already initialized, skipping
Refreshing native plugins compatible for Editor in 0.16 ms, found 0 plugins.
Preloading 0 native plugins for Editor in 0.00 ms.
Unloading 1105 Unused Serialized files (Serialized files now loaded: 0)
System memory in use before: 65.7 MB.
System memory in use after: 65.8 MB.

Unloading 5 unused Assets to reduce memory usage. Loaded Objects now: 1621.
Total: 2.008619 ms (FindLiveObjects: 0.140413 ms CreateObjectMapping: 0.028013 ms MarkObjects: 1.782990 ms  DeleteObjects: 0.056103 ms)

========================================================================
Received Prepare
Registering precompiled user dll's ...
Registered in 0.000285 seconds.
Begin MonoManager ReloadAssembly
Native extension for LinuxStandalone target not found
Native extension for WindowsStandalone target not found
Native extension for WebGL target not found
Refreshing native plugins compatible for Editor in 0.21 ms, found 0 plugins.
Preloading 0 native plugins for Editor in 0.00 ms.
Invoked RoslynAnalysisRunner static constructor.
RoslynAnalysisRunner will not be running.
RoslynAnalysisRunner has terminated.
Mono: successfully reloaded assembly
- Completed reload, in  0.581 seconds
Platform modules already initialized, skipping
Refreshing native plugins compatible for Editor in 0.18 ms, found 0 plugins.
Preloading 0 native plugins for Editor in 0.00 ms.
Unloading 1105 Unused Serialized files (Serialized files now loaded: 0)
System memory in use before: 65.7 MB.
System memory in use after: 65.8 MB.

Unloading 5 unused Assets to reduce memory usage. Loaded Objects now: 1623.
Total: 2.060040 ms (FindLiveObjects: 0.126166 ms CreateObjectMapping: 0.028713 ms MarkObjects: 1.843376 ms  DeleteObjects: 0.060774 ms)

========================================================================
Received Prepare
Registering precompiled user dll's ...
Registered in 0.000304 seconds.
Begin MonoManager ReloadAssembly
Native extension for LinuxStandalone target not found
Native extension for WindowsStandalone target not found
Native extension for WebGL target not found
Refreshing native plugins compatible for Editor in 0.25 ms, found 0 plugins.
Preloading 0 native plugins for Editor in 0.00 ms.
Invoked RoslynAnalysisRunner static constructor.
RoslynAnalysisRunner will not be running.
RoslynAnalysisRunner has terminated.
Mono: successfully reloaded assembly
- Completed reload, in  0.664 seconds
Platform modules already initialized, skipping
Refreshing native plugins compatible for Editor in 0.52 ms, found 0 plugins.
Preloading 0 native plugins for Editor in 0.00 ms.
Unloading 1105 Unused Serialized files (Serialized files now loaded: 0)
System memory in use before: 65.7 MB.
System memory in use after: 65.8 MB.

Unloading 5 unused Assets to reduce memory usage. Loaded Objects now: 1625.
Total: 1.682442 ms (FindLiveObjects: 0.124565 ms CreateObjectMapping: 0.026753 ms MarkObjects: 1.490665 ms  DeleteObjects: 0.039601 ms)

========================================================================
Received Prepare
Registering precompiled user dll's ...
Registered in 0.000476 seconds.
Begin MonoManager ReloadAssembly
Native extension for LinuxStandalone target not found
Native extension for WindowsStandalone target not found
Native extension for WebGL target not found
Refreshing native plugins compatible for Editor in 0.19 ms, found 0 plugins.
Preloading 0 native plugins for Editor in 0.00 ms.
Invoked RoslynAnalysisRunner static constructor.
RoslynAnalysisRunner will not be running.
RoslynAnalysisRunner has terminated.
Mono: successfully reloaded assembly
- Completed reload, in  0.682 seconds
Platform modules already initialized, skipping
Refreshing native plugins compatible for Editor in 0.21 ms, found 0 plugins.
Preloading 0 native plugins for Editor in 0.00 ms.
Unloading 1105 Unused Serialized files (Serialized files now loaded: 0)
System memory in use before: 65.7 MB.
System memory in use after: 65.8 MB.

Unloading 5 unused Assets to reduce memory usage. Loaded Objects now: 1627.
Total: 2.321311 ms (FindLiveObjects: 0.153067 ms CreateObjectMapping: 0.051697 ms MarkObjects: 2.049714 ms  DeleteObjects: 0.065515 ms)

========================================================================
Received Prepare
Registering precompiled user dll's ...
Registered in 0.000266 seconds.
Begin MonoManager ReloadAssembly
Native extension for LinuxStandalone target not found
Native extension for WindowsStandalone target not found
Native extension for WebGL target not found
Refreshing native plugins compatible for Editor in 0.20 ms, found 0 plugins.
Preloading 0 native plugins for Editor in 0.00 ms.
Invoked RoslynAnalysisRunner static constructor.
RoslynAnalysisRunner will not be running.
RoslynAnalysisRunner has terminated.
Mono: successfully reloaded assembly
- Completed reload, in  0.665 seconds
Platform modules already initialized, skipping
Refreshing native plugins compatible for Editor in 0.24 ms, found 0 plugins.
Preloading 0 native plugins for Editor in 0.00 ms.
Unloading 1105 Unused Serialized files (Serialized files now loaded: 0)
System memory in use before: 65.7 MB.
System memory in use after: 65.8 MB.

Unloading 5 unused Assets to reduce memory usage. Loaded Objects now: 1629.
Total: 2.704118 ms (FindLiveObjects: 0.472166 ms CreateObjectMapping: 0.123306 ms MarkObjects: 2.055273 ms  DeleteObjects: 0.050796 ms)

========================================================================
Received Prepare
Registering precompiled user dll's ...
Registered in 0.000324 seconds.
Begin MonoManager ReloadAssembly
Native extension for LinuxStandalone target not found
Native extension for WindowsStandalone target not found
Native extension for WebGL target not found
Refreshing native plugins compatible for Editor in 0.18 ms, found 0 plugins.
Preloading 0 native plugins for Editor in 0.00 ms.
Invoked RoslynAnalysisRunner static constructor.
RoslynAnalysisRunner will not be running.
RoslynAnalysisRunner has terminated.
Mono: successfully reloaded assembly
- Completed reload, in  0.670 seconds
Platform modules already initialized, skipping
Refreshing native plugins compatible for Editor in 0.24 ms, found 0 plugins.
Preloading 0 native plugins for Editor in 0.00 ms.
Unloading 1105 Unused Serialized files (Serialized files now loaded: 0)
System memory in use before: 65.7 MB.
System memory in use after: 65.8 MB.

Unloading 5 unused Assets to reduce memory usage. Loaded Objects now: 1631.
Total: 2.037449 ms (FindLiveObjects: 0.188776 ms CreateObjectMapping: 0.031132 ms MarkObjects: 1.766172 ms  DeleteObjects: 0.049903 ms)

========================================================================
Received Prepare
Registering precompiled user dll's ...
Registered in 0.000325 seconds.
Begin MonoManager ReloadAssembly
Native extension for LinuxStandalone target not found
Native extension for WindowsStandalone target not found
Native extension for WebGL target not found
Refreshing native plugins compatible for Editor in 0.18 ms, found 0 plugins.
Preloading 0 native plugins for Editor in 0.00 ms.
Invoked RoslynAnalysisRunner static constructor.
RoslynAnalysisRunner will not be running.
RoslynAnalysisRunner has terminated.
Mono: successfully reloaded assembly
- Completed reload, in  0.655 seconds
Platform modules already initialized, skipping
Refreshing native plugins compatible for Editor in 0.18 ms, found 0 plugins.
Preloading 0 native plugins for Editor in 0.00 ms.
Unloading 1105 Unused Serialized files (Serialized files now loaded: 0)
System memory in use before: 65.7 MB.
System memory in use after: 65.8 MB.

Unloading 5 unused Assets to reduce memory usage. Loaded Objects now: 1633.
Total: 2.016788 ms (FindLiveObjects: 0.132453 ms CreateObjectMapping: 0.031371 ms MarkObjects: 1.799037 ms  DeleteObjects: 0.052728 ms)

========================================================================
Received Prepare
Registering precompiled user dll's ...
Registered in 0.000324 seconds.
Begin MonoManager ReloadAssembly
Native extension for LinuxStandalone target not found
Native extension for WindowsStandalone target not found
Native extension for WebGL target not found
Refreshing native plugins compatible for Editor in 0.19 ms, found 0 plugins.
Preloading 0 native plugins for Editor in 0.00 ms.
Invoked RoslynAnalysisRunner static constructor.
RoslynAnalysisRunner will not be running.
RoslynAnalysisRunner has terminated.
Mono: successfully reloaded assembly
- Completed reload, in  0.600 seconds
Platform modules already initialized, skipping
Refreshing native plugins compatible for Editor in 0.14 ms, found 0 plugins.
Preloading 0 native plugins for Editor in 0.00 ms.
Unloading 1105 Unused Serialized files (Serialized files now loaded: 0)
System memory in use before: 65.7 MB.
System memory in use after: 65.8 MB.

Unloading 5 unused Assets to reduce memory usage. Loaded Objects now: 1635.
Total: 2.112263 ms (FindLiveObjects: 0.134150 ms CreateObjectMapping: 0.030011 ms MarkObjects: 1.905004 ms  DeleteObjects: 0.042125 ms)

========================================================================
Received Prepare
Registering precompiled user dll's ...
Registered in 0.000306 seconds.
Begin MonoManager ReloadAssembly
Native extension for LinuxStandalone target not found
Native extension for WindowsStandalone target not found
Native extension for WebGL target not found
Refreshing native plugins compatible for Editor in 0.18 ms, found 0 plugins.
Preloading 0 native plugins for Editor in 0.00 ms.
Invoked RoslynAnalysisRunner static constructor.
RoslynAnalysisRunner will not be running.
RoslynAnalysisRunner has terminated.
Mono: successfully reloaded assembly
- Completed reload, in  0.596 seconds
Platform modules already initialized, skipping
Refreshing native plugins compatible for Editor in 0.17 ms, found 0 plugins.
Preloading 0 native plugins for Editor in 0.00 ms.
Unloading 1105 Unused Serialized files (Serialized files now loaded: 0)
System memory in use before: 65.7 MB.
System memory in use after: 65.8 MB.

Unloading 5 unused Assets to reduce memory usage. Loaded Objects now: 1637.
Total: 4.767836 ms (FindLiveObjects: 0.280548 ms CreateObjectMapping: 0.089596 ms MarkObjects: 4.321236 ms  DeleteObjects: 0.074057 ms)

========================================================================
Received Import Request.
  Time since last request: 2429.889887 seconds.
  path: Assets/Enemy/Enemy.cs
  artifactKey: Guid(62600b8d94b7d0b6480b56f2d85f4687) Importer(815301076,1909f56bfc062723c751e8b465ee728b)
Start importing Assets/Enemy/Enemy.cs using Guid(62600b8d94b7d0b6480b56f2d85f4687) Importer(815301076,1909f56bfc062723c751e8b465ee728b)  -> (artifact id: 'd3c7fdccd952e9b553ab447a95d20c8b') in 0.002407 seconds
  Import took 0.003880 seconds .

========================================================================
Received Import Request.
  Time since last request: 0.001234 seconds.
  path: Assets/Enemy/Enemy.cs
  artifactKey: Guid(62600b8d94b7d0b6480b56f2d85f4687) Importer(815301076,1909f56bfc062723c751e8b465ee728b)
Start importing Assets/Enemy/Enemy.cs using Guid(62600b8d94b7d0b6480b56f2d85f4687) Importer(815301076,1909f56bfc062723c751e8b465ee728b)  -> (artifact id: 'd3c7fdccd952e9b553ab447a95d20c8b') in 0.000755 seconds
  Import took 0.002940 seconds .

========================================================================
Received Prepare
Registering precompiled user dll's ...
Registered in 0.000368 seconds.
Begin MonoManager ReloadAssembly
Native extension for LinuxStandalone target not found
Native extension for WindowsStandalone target not found
Native extension for WebGL target not found
Refreshing native plugins compatible for Editor in 0.25 ms, found 0 plugins.
Preloading 0 native plugins for Editor in 0.00 ms.
Invoked RoslynAnalysisRunner static constructor.
RoslynAnalysisRunner will not be running.
RoslynAnalysisRunner has terminated.
Mono: successfully reloaded assembly
- Completed reload, in  0.693 seconds
Platform modules already initialized, skipping
Refreshing native plugins compatible for Editor in 0.17 ms, found 0 plugins.
Preloading 0 native plugins for Editor in 0.00 ms.
Unloading 1106 Unused Serialized files (Serialized files now loaded: 0)
System memory in use before: 65.8 MB.
System memory in use after: 65.8 MB.

Unloading 5 unused Assets to reduce memory usage. Loaded Objects now: 1640.
Total: 1.743759 ms (FindLiveObjects: 0.125586 ms CreateObjectMapping: 0.028399 ms MarkObjects: 1.527558 ms  DeleteObjects: 0.043410 ms)

========================================================================
Received Import Request.
  Time since last request: 18.572728 seconds.
  path: Assets/Enemy/Ram.prefab
  artifactKey: Guid(b940df629b09f434dbb9fd487257db6c) Importer(815301076,1909f56bfc062723c751e8b465ee728b)
Start importing Assets/Enemy/Ram.prefab using Guid(b940df629b09f434dbb9fd487257db6c) Importer(815301076,1909f56bfc062723c751e8b465ee728b)  -> (artifact id: 'a1b2d57b00576f3cbda9625f03fc503a') in 0.082339 seconds
  Import took 0.084178 seconds .

========================================================================
Received Prepare
Registering precompiled user dll's ...
Registered in 0.000304 seconds.
Begin MonoManager ReloadAssembly
Native extension for LinuxStandalone target not found
Native extension for WindowsStandalone target not found
Native extension for WebGL target not found
Refreshing native plugins compatible for Editor in 0.22 ms, found 0 plugins.
Preloading 0 native plugins for Editor in 0.00 ms.
Invoked RoslynAnalysisRunner static constructor.
RoslynAnalysisRunner will not be running.
RoslynAnalysisRunner has terminated.
Mono: successfully reloaded assembly
- Completed reload, in  0.649 seconds
Platform modules already initialized, skipping
Refreshing native plugins compatible for Editor in 0.18 ms, found 0 plugins.
Preloading 0 native plugins for Editor in 0.00 ms.
Unloading 1106 Unused Serialized files (Serialized files now loaded: 0)
System memory in use before: 67.3 MB.
System memory in use after: 67.4 MB.

Unloading 5 unused Assets to reduce memory usage. Loaded Objects now: 1649.
Total: 1.957389 ms (FindLiveObjects: 0.142659 ms CreateObjectMapping: 0.034381 ms MarkObjects: 1.730480 ms  DeleteObjects: 0.048867 ms)

========================================================================
Received Prepare
Registering precompiled user dll's ...
Registered in 0.000267 seconds.
Begin MonoManager ReloadAssembly
Native extension for LinuxStandalone target not found
Native extension for WindowsStandalone target not found
Native extension for WebGL target not found
Refreshing native plugins compatible for Editor in 0.17 ms, found 0 plugins.
Preloading 0 native plugins for Editor in 0.00 ms.
Invoked RoslynAnalysisRunner static constructor.
RoslynAnalysisRunner will not be running.
RoslynAnalysisRunner has terminated.
Mono: successfully reloaded assembly
- Completed reload, in  0.560 seconds
Platform modules already initialized, skipping
Refreshing native plugins compatible for Editor in 0.16 ms, found 0 plugins.
Preloading 0 native plugins for Editor in 0.00 ms.
Unloading 1106 Unused Serialized files (Serialized files now loaded: 0)
System memory in use before: 67.3 MB.
System memory in use after: 67.4 MB.

Unloading 5 unused Assets to reduce memory usage. Loaded Objects now: 1651.
Total: 1.866259 ms (FindLiveObjects: 0.174884 ms CreateObjectMapping: 0.029825 ms MarkObjects: 1.620436 ms  DeleteObjects: 0.040160 ms)

========================================================================
Received Prepare
Registering precompiled user dll's ...
Registered in 0.000508 seconds.
Begin MonoManager ReloadAssembly
Native extension for LinuxStandalone target not found
Native extension for WindowsStandalone target not found
Native extension for WebGL target not found
Refreshing native plugins compatible for Editor in 0.21 ms, found 0 plugins.
Preloading 0 native plugins for Editor in 0.00 ms.
Invoked RoslynAnalysisRunner static constructor.
RoslynAnalysisRunner will not be running.
RoslynAnalysisRunner has terminated.
Mono: successfully reloaded assembly
- Completed reload, in  0.591 seconds
Platform modules already initialized, skipping
Refreshing native plugins compatible for Editor in 0.18 ms, found 0 plugins.
Preloading 0 native plugins for Editor in 0.00 ms.
Unloading 1106 Unused Serialized files (Serialized files now loaded: 0)
System memory in use before: 67.3 MB.
System memory in use after: 67.4 MB.

Unloading 5 unused Assets to reduce memory usage. Loaded Objects now: 1653.
Total: 1.766340 ms (FindLiveObjects: 0.140999 ms CreateObjectMapping: 0.029305 ms MarkObjects: 1.556901 ms  DeleteObjects: 0.038191 ms)

========================================================================
Received Prepare
Registering precompiled user dll's ...
Registered in 0.000335 seconds.
Begin MonoManager ReloadAssembly
Native extension for LinuxStandalone target not found
Native extension for WindowsStandalone target not found
Native extension for WebGL target not found
Refreshing native plugins compatible for Editor in 0.18 ms, found 0 plugins.
Preloading 0 native plugins for Editor in 0.00 ms.
Invoked RoslynAnalysisRunner static constructor.
RoslynAnalysisRunner will not be running.
RoslynAnalysisRunner has terminated.
Mono: successfully reloaded assembly
- Completed reload, in  0.660 seconds
Platform modules already initialized, skipping
Refreshing native plugins compatible for Editor in 0.19 ms, found 0 plugins.
Preloading 0 native plugins for Editor in 0.00 ms.
Unloading 1106 Unused Serialized files (Serialized files now loaded: 0)
System memory in use before: 67.3 MB.
System memory in use after: 67.4 MB.

Unloading 5 unused Assets to reduce memory usage. Loaded Objects now: 1655.
Total: 1.826269 ms (FindLiveObjects: 0.132405 ms CreateObjectMapping: 0.029954 ms MarkObjects: 1.621041 ms  DeleteObjects: 0.042007 ms)

========================================================================
Received Prepare
Registering precompiled user dll's ...
Registered in 0.000344 seconds.
Begin MonoManager ReloadAssembly
Native extension for LinuxStandalone target not found
Native extension for WindowsStandalone target not found
Native extension for WebGL target not found
Refreshing native plugins compatible for Editor in 0.26 ms, found 0 plugins.
Preloading 0 native plugins for Editor in 0.00 ms.
Invoked RoslynAnalysisRunner static constructor.
RoslynAnalysisRunner will not be running.
RoslynAnalysisRunner has terminated.
Mono: successfully reloaded assembly
- Completed reload, in  0.693 seconds
Platform modules already initialized, skipping
Refreshing native plugins compatible for Editor in 0.22 ms, found 0 plugins.
Preloading 0 native plugins for Editor in 0.00 ms.
Unloading 1106 Unused Serialized files (Serialized files now loaded: 0)
System memory in use before: 67.3 MB.
System memory in use after: 67.4 MB.

Unloading 5 unused Assets to reduce memory usage. Loaded Objects now: 1657.
Total: 3.119449 ms (FindLiveObjects: 0.343536 ms CreateObjectMapping: 0.090813 ms MarkObjects: 2.625977 ms  DeleteObjects: 0.057081 ms)

========================================================================
Received Import Request.
  Time since last request: 711.839884 seconds.
  path: Assets/Tower/Ballista.prefab
  artifactKey: Guid(8a965e088bae16643aab3d07ccfd5e2e) Importer(815301076,1909f56bfc062723c751e8b465ee728b)
Start importing Assets/Tower/Ballista.prefab using Guid(8a965e088bae16643aab3d07ccfd5e2e) Importer(815301076,1909f56bfc062723c751e8b465ee728b)  -> (artifact id: '3a9991ec2dfccd7ec38c920b8e456b2c') in 0.066925 seconds
  Import took 0.070201 seconds .

========================================================================
Received Import Request.
  Time since last request: 10.110615 seconds.
  path: Assets/Tower/Ballista.prefab
  artifactKey: Guid(8a965e088bae16643aab3d07ccfd5e2e) Importer(815301076,1909f56bfc062723c751e8b465ee728b)
Start importing Assets/Tower/Ballista.prefab using Guid(8a965e088bae16643aab3d07ccfd5e2e) Importer(815301076,1909f56bfc062723c751e8b465ee728b)  -> (artifact id: '17aeccb4b9a9dc357c252b0ab7e9fb61') in 0.007301 seconds
  Import took 0.009245 seconds .

========================================================================
Received Prepare
Registering precompiled user dll's ...
Registered in 0.000310 seconds.
Begin MonoManager ReloadAssembly
Native extension for LinuxStandalone target not found
Native extension for WindowsStandalone target not found
Native extension for WebGL target not found
Refreshing native plugins compatible for Editor in 0.25 ms, found 0 plugins.
Preloading 0 native plugins for Editor in 0.00 ms.
Invoked RoslynAnalysisRunner static constructor.
RoslynAnalysisRunner will not be running.
RoslynAnalysisRunner has terminated.
Mono: successfully reloaded assembly
- Completed reload, in  0.605 seconds
Platform modules already initialized, skipping
Refreshing native plugins compatible for Editor in 0.18 ms, found 0 plugins.
Preloading 0 native plugins for Editor in 0.00 ms.
Unloading 1106 Unused Serialized files (Serialized files now loaded: 0)
System memory in use before: 67.4 MB.
System memory in use after: 67.4 MB.

Unloading 5 unused Assets to reduce memory usage. Loaded Objects now: 1660.
Total: 1.918773 ms (FindLiveObjects: 0.167687 ms CreateObjectMapping: 0.030000 ms MarkObjects: 1.662266 ms  DeleteObjects: 0.057846 ms)

========================================================================
Received Prepare
Registering precompiled user dll's ...
Registered in 0.000280 seconds.
Begin MonoManager ReloadAssembly
Native extension for LinuxStandalone target not found
Native extension for WindowsStandalone target not found
Native extension for WebGL target not found
Refreshing native plugins compatible for Editor in 0.18 ms, found 0 plugins.
Preloading 0 native plugins for Editor in 0.00 ms.
Invoked RoslynAnalysisRunner static constructor.
RoslynAnalysisRunner will not be running.
RoslynAnalysisRunner has terminated.
Mono: successfully reloaded assembly
- Completed reload, in  0.587 seconds
Platform modules already initialized, skipping
Refreshing native plugins compatible for Editor in 0.16 ms, found 0 plugins.
Preloading 0 native plugins for Editor in 0.00 ms.
Unloading 1106 Unused Serialized files (Serialized files now loaded: 0)
System memory in use before: 67.3 MB.
System memory in use after: 67.4 MB.

Unloading 5 unused Assets to reduce memory usage. Loaded Objects now: 1662.
Total: 2.003011 ms (FindLiveObjects: 0.111781 ms CreateObjectMapping: 0.026485 ms MarkObjects: 1.803950 ms  DeleteObjects: 0.059215 ms)

========================================================================
Received Prepare
Registering precompiled user dll's ...
Registered in 0.000289 seconds.
Begin MonoManager ReloadAssembly
Native extension for LinuxStandalone target not found
Native extension for WindowsStandalone target not found
Native extension for WebGL target not found
Refreshing native plugins compatible for Editor in 0.18 ms, found 0 plugins.
Preloading 0 native plugins for Editor in 0.00 ms.
Invoked RoslynAnalysisRunner static constructor.
RoslynAnalysisRunner will not be running.
RoslynAnalysisRunner has terminated.
Mono: successfully reloaded assembly
- Completed reload, in  0.583 seconds
Platform modules already initialized, skipping
Refreshing native plugins compatible for Editor in 0.18 ms, found 0 plugins.
Preloading 0 native plugins for Editor in 0.00 ms.
Unloading 1106 Unused Serialized files (Serialized files now loaded: 0)
System memory in use before: 67.3 MB.
System memory in use after: 67.4 MB.

Unloading 5 unused Assets to reduce memory usage. Loaded Objects now: 1664.
Total: 1.981349 ms (FindLiveObjects: 0.146677 ms CreateObjectMapping: 0.038039 ms MarkObjects: 1.749856 ms  DeleteObjects: 0.045501 ms)

========================================================================
Received Prepare
Registering precompiled user dll's ...
Registered in 0.000372 seconds.
Begin MonoManager ReloadAssembly
Native extension for LinuxStandalone target not found
Native extension for WindowsStandalone target not found
Native extension for WebGL target not found
Refreshing native plugins compatible for Editor in 0.18 ms, found 0 plugins.
Preloading 0 native plugins for Editor in 0.00 ms.
Invoked RoslynAnalysisRunner static constructor.
RoslynAnalysisRunner will not be running.
RoslynAnalysisRunner has terminated.
Mono: successfully reloaded assembly
- Completed reload, in  0.681 seconds
Platform modules already initialized, skipping
Refreshing native plugins compatible for Editor in 0.21 ms, found 0 plugins.
Preloading 0 native plugins for Editor in 0.00 ms.
Unloading 1106 Unused Serialized files (Serialized files now loaded: 0)
System memory in use before: 67.3 MB.
System memory in use after: 67.4 MB.

Unloading 5 unused Assets to reduce memory usage. Loaded Objects now: 1666.
Total: 2.234277 ms (FindLiveObjects: 0.171861 ms CreateObjectMapping: 0.042362 ms MarkObjects: 1.967793 ms  DeleteObjects: 0.050989 ms)

AssetImportWorkerClient::OnTransportError - code=2 error=End of file
